{"total": {"lines":{"total":866,"covered":866,"skipped":0,"pct":100},"statements":{"total":890,"covered":890,"skipped":0,"pct":100},"functions":{"total":79,"covered":79,"skipped":0,"pct":100},"branches":{"total":253,"covered":251,"skipped":0,"pct":99.2},"branchesTrue":{"total":0,"covered":0,"skipped":0,"pct":100}}
,"/Users/hprado/Documents/WebPi Solutions/Proyectos/WPI-0001/backend/src/api/client/client.service.ts": {"lines":{"total":70,"covered":70,"skipped":0,"pct":100},"functions":{"total":8,"covered":8,"skipped":0,"pct":100},"statements":{"total":72,"covered":72,"skipped":0,"pct":100},"branches":{"total":15,"covered":15,"skipped":0,"pct":100}}
,"/Users/hprado/Documents/WebPi Solutions/Proyectos/WPI-0001/backend/src/api/enterprise/enterprise.controller.ts": {"lines":{"total":40,"covered":40,"skipped":0,"pct":100},"functions":{"total":8,"covered":8,"skipped":0,"pct":100},"statements":{"total":42,"covered":42,"skipped":0,"pct":100},"branches":{"total":15,"covered":13,"skipped":0,"pct":86.66}}
,"/Users/hprado/Documents/WebPi Solutions/Proyectos/WPI-0001/backend/src/api/enterprise/enterprise.service.ts": {"lines":{"total":116,"covered":116,"skipped":0,"pct":100},"functions":{"total":9,"covered":9,"skipped":0,"pct":100},"statements":{"total":119,"covered":119,"skipped":0,"pct":100},"branches":{"total":31,"covered":31,"skipped":0,"pct":100}}
,"/Users/hprado/Documents/WebPi Solutions/Proyectos/WPI-0001/backend/src/api/invoice/invoice.service.ts": {"lines":{"total":144,"covered":144,"skipped":0,"pct":100},"functions":{"total":12,"covered":12,"skipped":0,"pct":100},"statements":{"total":150,"covered":150,"skipped":0,"pct":100},"branches":{"total":43,"covered":43,"skipped":0,"pct":100}}
,"/Users/hprado/Documents/WebPi Solutions/Proyectos/WPI-0001/backend/src/api/invoice-series/invoice-series.service.ts": {"lines":{"total":62,"covered":62,"skipped":0,"pct":100},"functions":{"total":6,"covered":6,"skipped":0,"pct":100},"statements":{"total":64,"covered":64,"skipped":0,"pct":100},"branches":{"total":17,"covered":17,"skipped":0,"pct":100}}
,"/Users/hprado/Documents/WebPi Solutions/Proyectos/WPI-0001/backend/src/api/metrics/metrics.controller.ts": {"lines":{"total":172,"covered":172,"skipped":0,"pct":100},"functions":{"total":12,"covered":12,"skipped":0,"pct":100},"statements":{"total":174,"covered":174,"skipped":0,"pct":100},"branches":{"total":46,"covered":46,"skipped":0,"pct":100}}
,"/Users/hprado/Documents/WebPi Solutions/Proyectos/WPI-0001/backend/src/api/metrics/metrics.service.ts": {"lines":{"total":158,"covered":158,"skipped":0,"pct":100},"functions":{"total":13,"covered":13,"skipped":0,"pct":100},"statements":{"total":163,"covered":163,"skipped":0,"pct":100},"branches":{"total":57,"covered":57,"skipped":0,"pct":100}}
,"/Users/hprado/Documents/WebPi Solutions/Proyectos/WPI-0001/backend/src/api/recurrent-earning/recurrent-earning.service.ts": {"lines":{"total":104,"covered":104,"skipped":0,"pct":100},"functions":{"total":11,"covered":11,"skipped":0,"pct":100},"statements":{"total":106,"covered":106,"skipped":0,"pct":100},"branches":{"total":29,"covered":29,"skipped":0,"pct":100}}
}
